2019-01-27 15:35:30.332 INFO  308  --- [ pool-1-thread-1 ] c.n.exam.config.JsonConfigUtilsTest - was
2019-01-27 15:35:30.335 INFO  311  --- [ pool-1-thread-1 ] c.n.exam.config.JsonConfigUtilsTest - 8080
2019-01-27 15:35:30.335 INFO  311  --- [ pool-1-thread-1 ] c.n.exam.config.JsonConfigUtilsTest - [exe]
2019-01-27 15:35:30.335 INFO  311  --- [ pool-1-thread-1 ] c.n.exam.config.JsonConfigUtilsTest - [Server [name=was, root=/src/main/webapp1/WEB-INF, domain=www.server1.com, html=Html [index=index.html, page403=/403.html, page404=/404.html, page500=/500.html]], Server [name=simple, root=/src/main/webapp2/WEB-INF, domain=www.server2.com, html=Html [index=index.html, page403=/403.html, page404=/404.html, page500=/500.html]]]
2019-01-27 15:35:30.354 DEBUG 330  --- [ pool-1-thread-3 ] c.nhn.exam.was.utils.MappingConfig - Maping INFO : {mappingInfo=[{name=com.nhn.exam.was.servlet.impl, route={/service.Hello=HelloServlet, /service.Greeting=HelloServlet, /service.time=TimeServlet}}, {name=com.nhn.exam.was.servlet.impl, route={/Hello=HelloServlet, /Greeting=HelloServlet, /time=TimeServlet}}]}
2019-01-27 15:35:30.355 DEBUG 331  --- [ pool-1-thread-3 ] c.n.e.config.MappingConfigUtilsTest - com.nhn.exam.was.utils.MappingConfig@4130be4e
2019-01-27 15:35:30.354 DEBUG 330  --- [ pool-1-thread-2 ] c.nhn.exam.was.utils.MappingConfig - Maping INFO : {mappingInfo=[{name=com.nhn.exam.was.servlet.impl, route={/service.Hello=HelloServlet, /service.Greeting=HelloServlet, /service.time=TimeServlet}}, {name=com.nhn.exam.was.servlet.impl, route={/Hello=HelloServlet, /Greeting=HelloServlet, /time=TimeServlet}}]}
2019-01-27 15:35:30.355 DEBUG 331  --- [ pool-1-thread-4 ] c.nhn.exam.was.utils.MappingConfig - Maping INFO : {mappingInfo=[{name=com.nhn.exam.was.servlet.impl, route={/service.Hello=HelloServlet, /service.Greeting=HelloServlet, /service.time=TimeServlet}}, {name=com.nhn.exam.was.servlet.impl, route={/Hello=HelloServlet, /Greeting=HelloServlet, /time=TimeServlet}}]}
2019-01-27 15:35:30.355 DEBUG 331  --- [ pool-1-thread-4 ] c.n.e.config.MappingConfigUtilsTest - {mappingInfo=[{name=com.nhn.exam.was.servlet.impl, route={/service.Hello=HelloServlet, /service.Greeting=HelloServlet, /service.time=TimeServlet}}, {name=com.nhn.exam.was.servlet.impl, route={/Hello=HelloServlet, /Greeting=HelloServlet, /time=TimeServlet}}]}
2019-01-27 15:35:30.355 DEBUG 331  --- [ pool-1-thread-2 ] c.nhn.exam.was.utils.MappingConfig - Maping INFO : {mappingInfo=[{name=com.nhn.exam.was.servlet.impl, route={/service.Hello=HelloServlet, /service.Greeting=HelloServlet, /service.time=TimeServlet}}, {name=com.nhn.exam.was.servlet.impl, route={/Hello=HelloServlet, /Greeting=HelloServlet, /time=TimeServlet}}]}
2019-01-27 15:35:30.355 DEBUG 331  --- [ pool-1-thread-2 ] c.nhn.exam.was.utils.MappingConfig - Maping INFO : com.nhn.exam.was.servlet.impl.HelloServlet
2019-01-27 15:35:30.355 INFO  331  --- [ pool-1-thread-2 ] c.n.e.config.MappingConfigUtilsTest - com.nhn.exam.was.servlet.impl.HelloServlet
2019-01-27 15:35:30.355 DEBUG 331  --- [ pool-1-thread-2 ] c.nhn.exam.was.utils.MappingConfig - Maping INFO : {mappingInfo=[{name=com.nhn.exam.was.servlet.impl, route={/service.Hello=HelloServlet, /service.Greeting=HelloServlet, /service.time=TimeServlet}}, {name=com.nhn.exam.was.servlet.impl, route={/Hello=HelloServlet, /Greeting=HelloServlet, /time=TimeServlet}}]}
2019-01-27 15:35:30.355 DEBUG 331  --- [ pool-1-thread-2 ] c.nhn.exam.was.utils.MappingConfig - Maping INFO : com.nhn.exam.was.servlet.impl.HelloServlet
2019-01-27 15:35:30.355 DEBUG 331  --- [ pool-1-thread-4 ] c.n.e.config.MappingConfigUtilsTest - [{name=com.nhn.exam.was.servlet.impl, route={/service.Hello=HelloServlet, /service.Greeting=HelloServlet, /service.time=TimeServlet}}, {name=com.nhn.exam.was.servlet.impl, route={/Hello=HelloServlet, /Greeting=HelloServlet, /time=TimeServlet}}]
2019-01-27 15:35:30.356 DEBUG 332  --- [ pool-1-thread-4 ] c.n.e.config.MappingConfigUtilsTest - [{name=com.nhn.exam.was.servlet.impl, route={/service.Hello=HelloServlet, /service.Greeting=HelloServlet, /service.time=TimeServlet}}, {name=com.nhn.exam.was.servlet.impl, route={/Hello=HelloServlet, /Greeting=HelloServlet, /time=TimeServlet}}]
2019-01-27 15:35:45.130 INFO  2138 --- [ pool-1-thread-1 ] c.nhn.exam.was.handler.HttpHandler - Request: {HttperRequestHeader [host=localhost, method=GET, accessFile=/time, version=HTTP/1.1, params={}]}
2019-01-27 15:35:45.135 INFO  2143 --- [ pool-1-thread-1 ] c.nhn.exam.was.handler.HttpHandler - HttpResponse [output=java.io.BufferedOutputStream@2eb1f78a, out=null, version=null, responseCode=null, contentType=null, length=0]
2019-01-27 15:35:45.325 DEBUG 2333 --- [ pool-1-thread-1 ] com.nhn.exam.was.utils.ServerConfig - HOST INFO : Host [name=was, port=8080, filter=[exe], server=[Server [name=was, root=/src/main/webapp1/WEB-INF, domain=www.server1.com, html=Html [index=index.html, page403=/403.html, page404=/404.html, page500=/500.html]], Server [name=simple, root=/src/main/webapp2/WEB-INF, domain=www.server2.com, html=Html [index=index.html, page403=/403.html, page404=/404.html, page500=/500.html]]]]
2019-01-27 15:35:45.333 DEBUG 2341 --- [ pool-1-thread-1 ] c.nhn.exam.was.utils.MappingConfig - Maping INFO : {mappingInfo=[{name=com.nhn.exam.was.servlet.impl, route={/service.Hello=HelloServlet, /service.Greeting=HelloServlet, /service.time=TimeServlet}}, {name=com.nhn.exam.was.servlet.impl, route={/Hello=HelloServlet, /Greeting=HelloServlet, /time=TimeServlet}}]}
2019-01-27 15:35:45.334 DEBUG 2342 --- [ pool-1-thread-1 ] c.nhn.exam.was.handler.HttpHandler - HTML File PATH : C:\Users\mvmdk\git\nhnExam\NhnExam/src/main/webapp1/WEB-INF/time
2019-01-27 15:35:45.334 DEBUG 2342 --- [ pool-1-thread-1 ] c.nhn.exam.was.utils.MappingConfig - Maping INFO : {mappingInfo=[{name=com.nhn.exam.was.servlet.impl, route={/service.Hello=HelloServlet, /service.Greeting=HelloServlet, /service.time=TimeServlet}}, {name=com.nhn.exam.was.servlet.impl, route={/Hello=HelloServlet, /Greeting=HelloServlet, /time=TimeServlet}}]}
2019-01-27 15:35:45.334 DEBUG 2342 --- [ pool-1-thread-1 ] c.nhn.exam.was.utils.MappingConfig - Maping INFO : com.nhn.exam.was.servlet.impl.TimeServlet
2019-01-27 15:35:45.334 DEBUG 2342 --- [ pool-1-thread-1 ] c.nhn.exam.was.utils.MappingConfig - Maping INFO : {mappingInfo=[{name=com.nhn.exam.was.servlet.impl, route={/service.Hello=HelloServlet, /service.Greeting=HelloServlet, /service.time=TimeServlet}}, {name=com.nhn.exam.was.servlet.impl, route={/Hello=HelloServlet, /Greeting=HelloServlet, /time=TimeServlet}}]}
2019-01-27 15:35:45.334 DEBUG 2342 --- [ pool-1-thread-1 ] c.nhn.exam.was.utils.MappingConfig - Maping INFO : com.nhn.exam.was.servlet.impl.TimeServlet
2019-01-27 15:35:45.334 DEBUG 2342 --- [ pool-1-thread-1 ] c.nhn.exam.was.utils.MappingConfig - Maping INFO : {mappingInfo=[{name=com.nhn.exam.was.servlet.impl, route={/service.Hello=HelloServlet, /service.Greeting=HelloServlet, /service.time=TimeServlet}}, {name=com.nhn.exam.was.servlet.impl, route={/Hello=HelloServlet, /Greeting=HelloServlet, /time=TimeServlet}}]}
2019-01-27 15:35:45.334 DEBUG 2342 --- [ pool-1-thread-1 ] c.nhn.exam.was.utils.MappingConfig - Maping INFO : com.nhn.exam.was.servlet.impl.TimeServlet
2019-01-27 15:35:45.429 INFO  2437 --- [ pool-1-thread-2 ] c.nhn.exam.was.handler.HttpHandler - Request: {HttperRequestHeader [host=localhost, method=GET, accessFile=/favicon.ico, version=HTTP/1.1, params={}]}
2019-01-27 15:35:45.430 INFO  2438 --- [ pool-1-thread-2 ] c.nhn.exam.was.handler.HttpHandler - HttpResponse [output=java.io.BufferedOutputStream@6422aac1, out=null, version=null, responseCode=null, contentType=null, length=0]
2019-01-27 15:35:45.430 DEBUG 2438 --- [ pool-1-thread-2 ] com.nhn.exam.was.utils.ServerConfig - HOST INFO : Host [name=was, port=8080, filter=[exe], server=[Server [name=was, root=/src/main/webapp1/WEB-INF, domain=www.server1.com, html=Html [index=index.html, page403=/403.html, page404=/404.html, page500=/500.html]], Server [name=simple, root=/src/main/webapp2/WEB-INF, domain=www.server2.com, html=Html [index=index.html, page403=/403.html, page404=/404.html, page500=/500.html]]]]
2019-01-27 15:35:45.430 DEBUG 2438 --- [ pool-1-thread-2 ] c.nhn.exam.was.utils.MappingConfig - Maping INFO : {mappingInfo=[{name=com.nhn.exam.was.servlet.impl, route={/service.Hello=HelloServlet, /service.Greeting=HelloServlet, /service.time=TimeServlet}}, {name=com.nhn.exam.was.servlet.impl, route={/Hello=HelloServlet, /Greeting=HelloServlet, /time=TimeServlet}}]}
2019-01-27 15:35:45.434 ERROR 2442 --- [ pool-1-thread-2 ] c.nhn.exam.was.handler.HttpHandler - ERROR : NONE FAVICON
java.lang.Exception: ERROR : NONE FAVICON
	at com.nhn.exam.was.handler.HttpHandler.run(HttpHandler.java:74)
	at java.util.concurrent.Executors$RunnableAdapter.call(Executors.java:511)
	at java.util.concurrent.FutureTask.run(FutureTask.java:266)
	at java.util.concurrent.ThreadPoolExecutor.runWorker(ThreadPoolExecutor.java:1149)
	at java.util.concurrent.ThreadPoolExecutor$Worker.run(ThreadPoolExecutor.java:624)
	at java.lang.Thread.run(Thread.java:748)
2019-01-27 15:35:45.441 INFO  2449 --- [ pool-1-thread-2 ] c.nhn.exam.was.handler.HttpHandler - HttpResponse [output=java.io.BufferedOutputStream@6422aac1, out=java.io.OutputStreamWriter@7d145008, version=HTTP/1.1, responseCode=500, contentType=text/html charset=utf-8, length=90]
