2019-01-27 15:36:27.343 INFO  4104 --- [ pool-1-thread-1 ] c.nhn.exam.was.handler.HttpHandler - Request: {HttperRequestHeader [host=localhost, method=GET, accessFile=/time, version=HTTP/1.1, params={}]}
2019-01-27 15:36:27.347 INFO  4108 --- [ pool-1-thread-1 ] c.nhn.exam.was.handler.HttpHandler - HttpResponse [output=java.io.BufferedOutputStream@1a528ce6, out=null, version=null, responseCode=null, contentType=null, length=0]
2019-01-27 15:36:27.532 DEBUG 4293 --- [ pool-1-thread-1 ] com.nhn.exam.was.utils.ServerConfig - HOST INFO : Host [name=was, port=8080, filter=[exe], server=[Server [name=was, root=/src/main/webapp1/WEB-INF, domain=www.server1.com, html=Html [index=index.html, page403=/403.html, page404=/404.html, page500=/500.html]], Server [name=simple, root=/src/main/webapp2/WEB-INF, domain=www.server2.com, html=Html [index=index.html, page403=/403.html, page404=/404.html, page500=/500.html]]]]
2019-01-27 15:36:27.545 DEBUG 4306 --- [ pool-1-thread-1 ] c.nhn.exam.was.utils.MappingConfig - Maping INFO : {mappingInfo=[{name=com.nhn.exam.was.servlet.impl, route={/service.Hello=HelloServlet, /service.Greeting=HelloServlet, /service.time=TimeServlet}}, {name=com.nhn.exam.was.servlet.impl, route={/Hello=HelloServlet, /Greeting=HelloServlet, /time=TimeServlet}}]}
2019-01-27 15:36:27.546 DEBUG 4307 --- [ pool-1-thread-1 ] c.nhn.exam.was.handler.HttpHandler - HTML File PATH : C:\Users\mvmdk\git\nhnExam\NhnExam/src/main/webapp1/WEB-INF/time
2019-01-27 15:36:27.546 DEBUG 4307 --- [ pool-1-thread-1 ] c.nhn.exam.was.utils.MappingConfig - Maping INFO : {mappingInfo=[{name=com.nhn.exam.was.servlet.impl, route={/service.Hello=HelloServlet, /service.Greeting=HelloServlet, /service.time=TimeServlet}}, {name=com.nhn.exam.was.servlet.impl, route={/Hello=HelloServlet, /Greeting=HelloServlet, /time=TimeServlet}}]}
2019-01-27 15:36:27.546 DEBUG 4307 --- [ pool-1-thread-1 ] c.nhn.exam.was.utils.MappingConfig - Maping INFO : com.nhn.exam.was.servlet.impl.TimeServlet
2019-01-27 15:36:27.546 DEBUG 4307 --- [ pool-1-thread-1 ] c.nhn.exam.was.utils.MappingConfig - Maping INFO : {mappingInfo=[{name=com.nhn.exam.was.servlet.impl, route={/service.Hello=HelloServlet, /service.Greeting=HelloServlet, /service.time=TimeServlet}}, {name=com.nhn.exam.was.servlet.impl, route={/Hello=HelloServlet, /Greeting=HelloServlet, /time=TimeServlet}}]}
2019-01-27 15:36:27.546 DEBUG 4307 --- [ pool-1-thread-1 ] c.nhn.exam.was.utils.MappingConfig - Maping INFO : com.nhn.exam.was.servlet.impl.TimeServlet
2019-01-27 15:36:27.546 DEBUG 4307 --- [ pool-1-thread-1 ] c.nhn.exam.was.utils.MappingConfig - Maping INFO : {mappingInfo=[{name=com.nhn.exam.was.servlet.impl, route={/service.Hello=HelloServlet, /service.Greeting=HelloServlet, /service.time=TimeServlet}}, {name=com.nhn.exam.was.servlet.impl, route={/Hello=HelloServlet, /Greeting=HelloServlet, /time=TimeServlet}}]}
2019-01-27 15:36:27.546 DEBUG 4307 --- [ pool-1-thread-1 ] c.nhn.exam.was.utils.MappingConfig - Maping INFO : com.nhn.exam.was.servlet.impl.TimeServlet
2019-01-27 15:36:27.644 INFO  4405 --- [ pool-1-thread-2 ] c.nhn.exam.was.handler.HttpHandler - Request: {HttperRequestHeader [host=localhost, method=GET, accessFile=/favicon.ico, version=HTTP/1.1, params={}]}
2019-01-27 15:36:27.645 INFO  4406 --- [ pool-1-thread-2 ] c.nhn.exam.was.handler.HttpHandler - HttpResponse [output=java.io.BufferedOutputStream@1fa98785, out=null, version=null, responseCode=null, contentType=null, length=0]
2019-01-27 15:36:27.645 DEBUG 4406 --- [ pool-1-thread-2 ] com.nhn.exam.was.utils.ServerConfig - HOST INFO : Host [name=was, port=8080, filter=[exe], server=[Server [name=was, root=/src/main/webapp1/WEB-INF, domain=www.server1.com, html=Html [index=index.html, page403=/403.html, page404=/404.html, page500=/500.html]], Server [name=simple, root=/src/main/webapp2/WEB-INF, domain=www.server2.com, html=Html [index=index.html, page403=/403.html, page404=/404.html, page500=/500.html]]]]
2019-01-27 15:36:27.645 DEBUG 4406 --- [ pool-1-thread-2 ] c.nhn.exam.was.utils.MappingConfig - Maping INFO : {mappingInfo=[{name=com.nhn.exam.was.servlet.impl, route={/service.Hello=HelloServlet, /service.Greeting=HelloServlet, /service.time=TimeServlet}}, {name=com.nhn.exam.was.servlet.impl, route={/Hello=HelloServlet, /Greeting=HelloServlet, /time=TimeServlet}}]}
2019-01-27 15:36:27.647 ERROR 4408 --- [ pool-1-thread-2 ] c.nhn.exam.was.handler.HttpHandler - ERROR : NONE FAVICON
java.lang.Exception: ERROR : NONE FAVICON
	at com.nhn.exam.was.handler.HttpHandler.run(HttpHandler.java:74)
	at java.util.concurrent.Executors$RunnableAdapter.call(Executors.java:511)
	at java.util.concurrent.FutureTask.run(FutureTask.java:266)
	at java.util.concurrent.ThreadPoolExecutor.runWorker(ThreadPoolExecutor.java:1149)
	at java.util.concurrent.ThreadPoolExecutor$Worker.run(ThreadPoolExecutor.java:624)
	at java.lang.Thread.run(Thread.java:748)
2019-01-27 15:36:27.655 INFO  4416 --- [ pool-1-thread-2 ] c.nhn.exam.was.handler.HttpHandler - HttpResponse [output=java.io.BufferedOutputStream@1fa98785, out=java.io.OutputStreamWriter@194014e8, version=HTTP/1.1, responseCode=500, contentType=text/html charset=utf-8, length=90]
2019-01-27 15:36:29.013 INFO  5774 --- [ pool-1-thread-3 ] c.nhn.exam.was.handler.HttpHandler - Request: {HttperRequestHeader [host=localhost, method=GET, accessFile=/time, version=HTTP/1.1, params={}]}
2019-01-27 15:36:29.013 INFO  5774 --- [ pool-1-thread-3 ] c.nhn.exam.was.handler.HttpHandler - HttpResponse [output=java.io.BufferedOutputStream@4d61f15, out=null, version=null, responseCode=null, contentType=null, length=0]
2019-01-27 15:36:29.014 DEBUG 5775 --- [ pool-1-thread-3 ] com.nhn.exam.was.utils.ServerConfig - HOST INFO : Host [name=was, port=8080, filter=[exe], server=[Server [name=was, root=/src/main/webapp1/WEB-INF, domain=www.server1.com, html=Html [index=index.html, page403=/403.html, page404=/404.html, page500=/500.html]], Server [name=simple, root=/src/main/webapp2/WEB-INF, domain=www.server2.com, html=Html [index=index.html, page403=/403.html, page404=/404.html, page500=/500.html]]]]
2019-01-27 15:36:29.015 DEBUG 5776 --- [ pool-1-thread-3 ] c.nhn.exam.was.utils.MappingConfig - Maping INFO : {mappingInfo=[{name=com.nhn.exam.was.servlet.impl, route={/service.Hello=HelloServlet, /service.Greeting=HelloServlet, /service.time=TimeServlet}}, {name=com.nhn.exam.was.servlet.impl, route={/Hello=HelloServlet, /Greeting=HelloServlet, /time=TimeServlet}}]}
2019-01-27 15:36:29.015 DEBUG 5776 --- [ pool-1-thread-3 ] c.nhn.exam.was.handler.HttpHandler - HTML File PATH : C:\Users\mvmdk\git\nhnExam\NhnExam/src/main/webapp1/WEB-INF/time
2019-01-27 15:36:29.016 DEBUG 5777 --- [ pool-1-thread-3 ] c.nhn.exam.was.utils.MappingConfig - Maping INFO : {mappingInfo=[{name=com.nhn.exam.was.servlet.impl, route={/service.Hello=HelloServlet, /service.Greeting=HelloServlet, /service.time=TimeServlet}}, {name=com.nhn.exam.was.servlet.impl, route={/Hello=HelloServlet, /Greeting=HelloServlet, /time=TimeServlet}}]}
2019-01-27 15:36:29.017 DEBUG 5778 --- [ pool-1-thread-3 ] c.nhn.exam.was.utils.MappingConfig - Maping INFO : com.nhn.exam.was.servlet.impl.TimeServlet
2019-01-27 15:36:29.017 DEBUG 5778 --- [ pool-1-thread-3 ] c.nhn.exam.was.utils.MappingConfig - Maping INFO : {mappingInfo=[{name=com.nhn.exam.was.servlet.impl, route={/service.Hello=HelloServlet, /service.Greeting=HelloServlet, /service.time=TimeServlet}}, {name=com.nhn.exam.was.servlet.impl, route={/Hello=HelloServlet, /Greeting=HelloServlet, /time=TimeServlet}}]}
2019-01-27 15:36:29.018 DEBUG 5779 --- [ pool-1-thread-3 ] c.nhn.exam.was.utils.MappingConfig - Maping INFO : com.nhn.exam.was.servlet.impl.TimeServlet
2019-01-27 15:36:29.018 DEBUG 5779 --- [ pool-1-thread-3 ] c.nhn.exam.was.utils.MappingConfig - Maping INFO : {mappingInfo=[{name=com.nhn.exam.was.servlet.impl, route={/service.Hello=HelloServlet, /service.Greeting=HelloServlet, /service.time=TimeServlet}}, {name=com.nhn.exam.was.servlet.impl, route={/Hello=HelloServlet, /Greeting=HelloServlet, /time=TimeServlet}}]}
2019-01-27 15:36:29.019 DEBUG 5780 --- [ pool-1-thread-3 ] c.nhn.exam.was.utils.MappingConfig - Maping INFO : com.nhn.exam.was.servlet.impl.TimeServlet
2019-01-27 15:36:29.121 INFO  5882 --- [ pool-1-thread-4 ] c.nhn.exam.was.handler.HttpHandler - Request: {HttperRequestHeader [host=localhost, method=GET, accessFile=/favicon.ico, version=HTTP/1.1, params={}]}
2019-01-27 15:36:29.121 INFO  5882 --- [ pool-1-thread-4 ] c.nhn.exam.was.handler.HttpHandler - HttpResponse [output=java.io.BufferedOutputStream@5114ef8e, out=null, version=null, responseCode=null, contentType=null, length=0]
2019-01-27 15:36:29.121 DEBUG 5882 --- [ pool-1-thread-4 ] com.nhn.exam.was.utils.ServerConfig - HOST INFO : Host [name=was, port=8080, filter=[exe], server=[Server [name=was, root=/src/main/webapp1/WEB-INF, domain=www.server1.com, html=Html [index=index.html, page403=/403.html, page404=/404.html, page500=/500.html]], Server [name=simple, root=/src/main/webapp2/WEB-INF, domain=www.server2.com, html=Html [index=index.html, page403=/403.html, page404=/404.html, page500=/500.html]]]]
2019-01-27 15:36:29.121 DEBUG 5882 --- [ pool-1-thread-4 ] c.nhn.exam.was.utils.MappingConfig - Maping INFO : {mappingInfo=[{name=com.nhn.exam.was.servlet.impl, route={/service.Hello=HelloServlet, /service.Greeting=HelloServlet, /service.time=TimeServlet}}, {name=com.nhn.exam.was.servlet.impl, route={/Hello=HelloServlet, /Greeting=HelloServlet, /time=TimeServlet}}]}
2019-01-27 15:36:29.121 ERROR 5882 --- [ pool-1-thread-4 ] c.nhn.exam.was.handler.HttpHandler - ERROR : NONE FAVICON
java.lang.Exception: ERROR : NONE FAVICON
	at com.nhn.exam.was.handler.HttpHandler.run(HttpHandler.java:74)
	at java.util.concurrent.Executors$RunnableAdapter.call(Executors.java:511)
	at java.util.concurrent.FutureTask.run(FutureTask.java:266)
	at java.util.concurrent.ThreadPoolExecutor.runWorker(ThreadPoolExecutor.java:1149)
	at java.util.concurrent.ThreadPoolExecutor$Worker.run(ThreadPoolExecutor.java:624)
	at java.lang.Thread.run(Thread.java:748)
2019-01-27 15:36:29.122 INFO  5883 --- [ pool-1-thread-4 ] c.nhn.exam.was.handler.HttpHandler - HttpResponse [output=java.io.BufferedOutputStream@5114ef8e, out=java.io.OutputStreamWriter@5fd31bdc, version=HTTP/1.1, responseCode=500, contentType=text/html charset=utf-8, length=90]
2019-01-27 15:36:29.796 INFO  6557 --- [ pool-1-thread-5 ] c.nhn.exam.was.handler.HttpHandler - Request: {HttperRequestHeader [host=localhost, method=GET, accessFile=/time, version=HTTP/1.1, params={}]}
2019-01-27 15:36:29.801 INFO  6562 --- [ pool-1-thread-5 ] c.nhn.exam.was.handler.HttpHandler - HttpResponse [output=java.io.BufferedOutputStream@3855f9a1, out=null, version=null, responseCode=null, contentType=null, length=0]
2019-01-27 15:36:29.801 DEBUG 6562 --- [ pool-1-thread-5 ] com.nhn.exam.was.utils.ServerConfig - HOST INFO : Host [name=was, port=8080, filter=[exe], server=[Server [name=was, root=/src/main/webapp1/WEB-INF, domain=www.server1.com, html=Html [index=index.html, page403=/403.html, page404=/404.html, page500=/500.html]], Server [name=simple, root=/src/main/webapp2/WEB-INF, domain=www.server2.com, html=Html [index=index.html, page403=/403.html, page404=/404.html, page500=/500.html]]]]
2019-01-27 15:36:29.801 DEBUG 6562 --- [ pool-1-thread-5 ] c.nhn.exam.was.utils.MappingConfig - Maping INFO : {mappingInfo=[{name=com.nhn.exam.was.servlet.impl, route={/service.Hello=HelloServlet, /service.Greeting=HelloServlet, /service.time=TimeServlet}}, {name=com.nhn.exam.was.servlet.impl, route={/Hello=HelloServlet, /Greeting=HelloServlet, /time=TimeServlet}}]}
2019-01-27 15:36:29.801 DEBUG 6562 --- [ pool-1-thread-5 ] c.nhn.exam.was.handler.HttpHandler - HTML File PATH : C:\Users\mvmdk\git\nhnExam\NhnExam/src/main/webapp1/WEB-INF/time
2019-01-27 15:36:29.802 DEBUG 6563 --- [ pool-1-thread-5 ] c.nhn.exam.was.utils.MappingConfig - Maping INFO : {mappingInfo=[{name=com.nhn.exam.was.servlet.impl, route={/service.Hello=HelloServlet, /service.Greeting=HelloServlet, /service.time=TimeServlet}}, {name=com.nhn.exam.was.servlet.impl, route={/Hello=HelloServlet, /Greeting=HelloServlet, /time=TimeServlet}}]}
2019-01-27 15:36:29.802 DEBUG 6563 --- [ pool-1-thread-5 ] c.nhn.exam.was.utils.MappingConfig - Maping INFO : com.nhn.exam.was.servlet.impl.TimeServlet
2019-01-27 15:36:29.802 DEBUG 6563 --- [ pool-1-thread-5 ] c.nhn.exam.was.utils.MappingConfig - Maping INFO : {mappingInfo=[{name=com.nhn.exam.was.servlet.impl, route={/service.Hello=HelloServlet, /service.Greeting=HelloServlet, /service.time=TimeServlet}}, {name=com.nhn.exam.was.servlet.impl, route={/Hello=HelloServlet, /Greeting=HelloServlet, /time=TimeServlet}}]}
2019-01-27 15:36:29.802 DEBUG 6563 --- [ pool-1-thread-5 ] c.nhn.exam.was.utils.MappingConfig - Maping INFO : com.nhn.exam.was.servlet.impl.TimeServlet
2019-01-27 15:36:29.802 DEBUG 6563 --- [ pool-1-thread-5 ] c.nhn.exam.was.utils.MappingConfig - Maping INFO : {mappingInfo=[{name=com.nhn.exam.was.servlet.impl, route={/service.Hello=HelloServlet, /service.Greeting=HelloServlet, /service.time=TimeServlet}}, {name=com.nhn.exam.was.servlet.impl, route={/Hello=HelloServlet, /Greeting=HelloServlet, /time=TimeServlet}}]}
2019-01-27 15:36:29.802 DEBUG 6563 --- [ pool-1-thread-5 ] c.nhn.exam.was.utils.MappingConfig - Maping INFO : com.nhn.exam.was.servlet.impl.TimeServlet
2019-01-27 15:36:29.884 INFO  6645 --- [ pool-1-thread-6 ] c.nhn.exam.was.handler.HttpHandler - Request: {HttperRequestHeader [host=localhost, method=GET, accessFile=/favicon.ico, version=HTTP/1.1, params={}]}
2019-01-27 15:36:29.884 INFO  6645 --- [ pool-1-thread-6 ] c.nhn.exam.was.handler.HttpHandler - HttpResponse [output=java.io.BufferedOutputStream@307e5de1, out=null, version=null, responseCode=null, contentType=null, length=0]
2019-01-27 15:36:29.884 DEBUG 6645 --- [ pool-1-thread-6 ] com.nhn.exam.was.utils.ServerConfig - HOST INFO : Host [name=was, port=8080, filter=[exe], server=[Server [name=was, root=/src/main/webapp1/WEB-INF, domain=www.server1.com, html=Html [index=index.html, page403=/403.html, page404=/404.html, page500=/500.html]], Server [name=simple, root=/src/main/webapp2/WEB-INF, domain=www.server2.com, html=Html [index=index.html, page403=/403.html, page404=/404.html, page500=/500.html]]]]
2019-01-27 15:36:29.884 DEBUG 6645 --- [ pool-1-thread-6 ] c.nhn.exam.was.utils.MappingConfig - Maping INFO : {mappingInfo=[{name=com.nhn.exam.was.servlet.impl, route={/service.Hello=HelloServlet, /service.Greeting=HelloServlet, /service.time=TimeServlet}}, {name=com.nhn.exam.was.servlet.impl, route={/Hello=HelloServlet, /Greeting=HelloServlet, /time=TimeServlet}}]}
2019-01-27 15:36:29.884 ERROR 6645 --- [ pool-1-thread-6 ] c.nhn.exam.was.handler.HttpHandler - ERROR : NONE FAVICON
java.lang.Exception: ERROR : NONE FAVICON
	at com.nhn.exam.was.handler.HttpHandler.run(HttpHandler.java:74)
	at java.util.concurrent.Executors$RunnableAdapter.call(Executors.java:511)
	at java.util.concurrent.FutureTask.run(FutureTask.java:266)
	at java.util.concurrent.ThreadPoolExecutor.runWorker(ThreadPoolExecutor.java:1149)
	at java.util.concurrent.ThreadPoolExecutor$Worker.run(ThreadPoolExecutor.java:624)
	at java.lang.Thread.run(Thread.java:748)
2019-01-27 15:36:29.885 INFO  6646 --- [ pool-1-thread-6 ] c.nhn.exam.was.handler.HttpHandler - HttpResponse [output=java.io.BufferedOutputStream@307e5de1, out=java.io.OutputStreamWriter@3eb9a59e, version=HTTP/1.1, responseCode=500, contentType=text/html charset=utf-8, length=90]
2019-01-27 15:36:30.382 INFO  7143 --- [ pool-1-thread-7 ] c.nhn.exam.was.handler.HttpHandler - Request: {HttperRequestHeader [host=localhost, method=GET, accessFile=/time, version=HTTP/1.1, params={}]}
2019-01-27 15:36:30.383 INFO  7144 --- [ pool-1-thread-7 ] c.nhn.exam.was.handler.HttpHandler - HttpResponse [output=java.io.BufferedOutputStream@1efe555c, out=null, version=null, responseCode=null, contentType=null, length=0]
2019-01-27 15:36:30.384 DEBUG 7145 --- [ pool-1-thread-7 ] com.nhn.exam.was.utils.ServerConfig - HOST INFO : Host [name=was, port=8080, filter=[exe], server=[Server [name=was, root=/src/main/webapp1/WEB-INF, domain=www.server1.com, html=Html [index=index.html, page403=/403.html, page404=/404.html, page500=/500.html]], Server [name=simple, root=/src/main/webapp2/WEB-INF, domain=www.server2.com, html=Html [index=index.html, page403=/403.html, page404=/404.html, page500=/500.html]]]]
2019-01-27 15:36:30.385 DEBUG 7146 --- [ pool-1-thread-7 ] c.nhn.exam.was.utils.MappingConfig - Maping INFO : {mappingInfo=[{name=com.nhn.exam.was.servlet.impl, route={/service.Hello=HelloServlet, /service.Greeting=HelloServlet, /service.time=TimeServlet}}, {name=com.nhn.exam.was.servlet.impl, route={/Hello=HelloServlet, /Greeting=HelloServlet, /time=TimeServlet}}]}
2019-01-27 15:36:30.385 DEBUG 7146 --- [ pool-1-thread-7 ] c.nhn.exam.was.handler.HttpHandler - HTML File PATH : C:\Users\mvmdk\git\nhnExam\NhnExam/src/main/webapp1/WEB-INF/time
2019-01-27 15:36:30.386 DEBUG 7147 --- [ pool-1-thread-7 ] c.nhn.exam.was.utils.MappingConfig - Maping INFO : {mappingInfo=[{name=com.nhn.exam.was.servlet.impl, route={/service.Hello=HelloServlet, /service.Greeting=HelloServlet, /service.time=TimeServlet}}, {name=com.nhn.exam.was.servlet.impl, route={/Hello=HelloServlet, /Greeting=HelloServlet, /time=TimeServlet}}]}
2019-01-27 15:36:30.387 DEBUG 7148 --- [ pool-1-thread-7 ] c.nhn.exam.was.utils.MappingConfig - Maping INFO : com.nhn.exam.was.servlet.impl.TimeServlet
2019-01-27 15:36:30.387 DEBUG 7148 --- [ pool-1-thread-7 ] c.nhn.exam.was.utils.MappingConfig - Maping INFO : {mappingInfo=[{name=com.nhn.exam.was.servlet.impl, route={/service.Hello=HelloServlet, /service.Greeting=HelloServlet, /service.time=TimeServlet}}, {name=com.nhn.exam.was.servlet.impl, route={/Hello=HelloServlet, /Greeting=HelloServlet, /time=TimeServlet}}]}
2019-01-27 15:36:30.388 DEBUG 7149 --- [ pool-1-thread-7 ] c.nhn.exam.was.utils.MappingConfig - Maping INFO : com.nhn.exam.was.servlet.impl.TimeServlet
2019-01-27 15:36:30.388 DEBUG 7149 --- [ pool-1-thread-7 ] c.nhn.exam.was.utils.MappingConfig - Maping INFO : {mappingInfo=[{name=com.nhn.exam.was.servlet.impl, route={/service.Hello=HelloServlet, /service.Greeting=HelloServlet, /service.time=TimeServlet}}, {name=com.nhn.exam.was.servlet.impl, route={/Hello=HelloServlet, /Greeting=HelloServlet, /time=TimeServlet}}]}
2019-01-27 15:36:30.389 DEBUG 7150 --- [ pool-1-thread-7 ] c.nhn.exam.was.utils.MappingConfig - Maping INFO : com.nhn.exam.was.servlet.impl.TimeServlet
2019-01-27 15:36:30.473 INFO  7234 --- [ pool-1-thread-8 ] c.nhn.exam.was.handler.HttpHandler - Request: {HttperRequestHeader [host=localhost, method=GET, accessFile=/favicon.ico, version=HTTP/1.1, params={}]}
2019-01-27 15:36:30.474 INFO  7235 --- [ pool-1-thread-8 ] c.nhn.exam.was.handler.HttpHandler - HttpResponse [output=java.io.BufferedOutputStream@12797f7a, out=null, version=null, responseCode=null, contentType=null, length=0]
2019-01-27 15:36:30.474 DEBUG 7235 --- [ pool-1-thread-8 ] com.nhn.exam.was.utils.ServerConfig - HOST INFO : Host [name=was, port=8080, filter=[exe], server=[Server [name=was, root=/src/main/webapp1/WEB-INF, domain=www.server1.com, html=Html [index=index.html, page403=/403.html, page404=/404.html, page500=/500.html]], Server [name=simple, root=/src/main/webapp2/WEB-INF, domain=www.server2.com, html=Html [index=index.html, page403=/403.html, page404=/404.html, page500=/500.html]]]]
2019-01-27 15:36:30.474 DEBUG 7235 --- [ pool-1-thread-8 ] c.nhn.exam.was.utils.MappingConfig - Maping INFO : {mappingInfo=[{name=com.nhn.exam.was.servlet.impl, route={/service.Hello=HelloServlet, /service.Greeting=HelloServlet, /service.time=TimeServlet}}, {name=com.nhn.exam.was.servlet.impl, route={/Hello=HelloServlet, /Greeting=HelloServlet, /time=TimeServlet}}]}
2019-01-27 15:36:30.474 ERROR 7235 --- [ pool-1-thread-8 ] c.nhn.exam.was.handler.HttpHandler - ERROR : NONE FAVICON
java.lang.Exception: ERROR : NONE FAVICON
	at com.nhn.exam.was.handler.HttpHandler.run(HttpHandler.java:74)
	at java.util.concurrent.Executors$RunnableAdapter.call(Executors.java:511)
	at java.util.concurrent.FutureTask.run(FutureTask.java:266)
	at java.util.concurrent.ThreadPoolExecutor.runWorker(ThreadPoolExecutor.java:1149)
	at java.util.concurrent.ThreadPoolExecutor$Worker.run(ThreadPoolExecutor.java:624)
	at java.lang.Thread.run(Thread.java:748)
2019-01-27 15:36:30.475 INFO  7236 --- [ pool-1-thread-8 ] c.nhn.exam.was.handler.HttpHandler - HttpResponse [output=java.io.BufferedOutputStream@12797f7a, out=java.io.OutputStreamWriter@1cbe9345, version=HTTP/1.1, responseCode=500, contentType=text/html charset=utf-8, length=90]
2019-01-27 16:20:53.343 INFO  330  --- [ pool-1-thread-1 ] c.n.exam.config.JsonConfigUtilsTest - was
2019-01-27 16:20:53.346 INFO  333  --- [ pool-1-thread-1 ] c.n.exam.config.JsonConfigUtilsTest - 8080
2019-01-27 16:20:53.346 INFO  333  --- [ pool-1-thread-1 ] c.n.exam.config.JsonConfigUtilsTest - [exe]
2019-01-27 16:20:53.346 INFO  333  --- [ pool-1-thread-1 ] c.n.exam.config.JsonConfigUtilsTest - [Server [name=was, root=/src/main/webapp1/WEB-INF, domain=www.server1.com, html=Html [index=index.html, page403=/403.html, page404=/404.html, page500=/500.html]], Server [name=simple, root=/src/main/webapp2/WEB-INF, domain=www.server2.com, html=Html [index=index.html, page403=/403.html, page404=/404.html, page500=/500.html]]]
2019-01-27 16:20:53.364 DEBUG 351  --- [ pool-1-thread-4 ] c.nhn.exam.was.utils.MappingConfig - Maping INFO : {mappingInfo=[{name=com.nhn.exam.was.servlet.impl, route={/service.Hello=HelloServlet, /service.Greeting=HelloServlet, /service.time=TimeServlet}}, {name=com.nhn.exam.was.servlet.impl, route={/Hello=HelloServlet, /Greeting=HelloServlet, /time=TimeServlet}}]}
2019-01-27 16:20:53.364 DEBUG 351  --- [ pool-1-thread-3 ] c.nhn.exam.was.utils.MappingConfig - Maping INFO : {mappingInfo=[{name=com.nhn.exam.was.servlet.impl, route={/service.Hello=HelloServlet, /service.Greeting=HelloServlet, /service.time=TimeServlet}}, {name=com.nhn.exam.was.servlet.impl, route={/Hello=HelloServlet, /Greeting=HelloServlet, /time=TimeServlet}}]}
2019-01-27 16:20:53.364 DEBUG 351  --- [ pool-1-thread-4 ] c.n.e.config.MappingConfigUtilsTest - {mappingInfo=[{name=com.nhn.exam.was.servlet.impl, route={/service.Hello=HelloServlet, /service.Greeting=HelloServlet, /service.time=TimeServlet}}, {name=com.nhn.exam.was.servlet.impl, route={/Hello=HelloServlet, /Greeting=HelloServlet, /time=TimeServlet}}]}
2019-01-27 16:20:53.364 DEBUG 351  --- [ pool-1-thread-3 ] c.n.e.config.MappingConfigUtilsTest - com.nhn.exam.was.utils.MappingConfig@7fecabeb
2019-01-27 16:20:53.364 DEBUG 351  --- [ pool-1-thread-4 ] c.n.e.config.MappingConfigUtilsTest - [{name=com.nhn.exam.was.servlet.impl, route={/service.Hello=HelloServlet, /service.Greeting=HelloServlet, /service.time=TimeServlet}}, {name=com.nhn.exam.was.servlet.impl, route={/Hello=HelloServlet, /Greeting=HelloServlet, /time=TimeServlet}}]
2019-01-27 16:20:53.364 DEBUG 351  --- [ pool-1-thread-4 ] c.n.e.config.MappingConfigUtilsTest - [{name=com.nhn.exam.was.servlet.impl, route={/service.Hello=HelloServlet, /service.Greeting=HelloServlet, /service.time=TimeServlet}}, {name=com.nhn.exam.was.servlet.impl, route={/Hello=HelloServlet, /Greeting=HelloServlet, /time=TimeServlet}}]
2019-01-27 16:20:53.367 DEBUG 354  --- [ pool-1-thread-2 ] c.nhn.exam.was.utils.MappingConfig - Maping INFO : {mappingInfo=[{name=com.nhn.exam.was.servlet.impl, route={/service.Hello=HelloServlet, /service.Greeting=HelloServlet, /service.time=TimeServlet}}, {name=com.nhn.exam.was.servlet.impl, route={/Hello=HelloServlet, /Greeting=HelloServlet, /time=TimeServlet}}]}
2019-01-27 16:20:53.367 DEBUG 354  --- [ pool-1-thread-2 ] c.nhn.exam.was.utils.MappingConfig - Maping INFO : {mappingInfo=[{name=com.nhn.exam.was.servlet.impl, route={/service.Hello=HelloServlet, /service.Greeting=HelloServlet, /service.time=TimeServlet}}, {name=com.nhn.exam.was.servlet.impl, route={/Hello=HelloServlet, /Greeting=HelloServlet, /time=TimeServlet}}]}
2019-01-27 16:20:53.367 DEBUG 354  --- [ pool-1-thread-2 ] c.nhn.exam.was.utils.MappingConfig - Maping INFO : com.nhn.exam.was.servlet.impl.HelloServlet
2019-01-27 16:20:53.367 INFO  354  --- [ pool-1-thread-2 ] c.n.e.config.MappingConfigUtilsTest - com.nhn.exam.was.servlet.impl.HelloServlet
2019-01-27 16:20:53.367 DEBUG 354  --- [ pool-1-thread-2 ] c.nhn.exam.was.utils.MappingConfig - Maping INFO : {mappingInfo=[{name=com.nhn.exam.was.servlet.impl, route={/service.Hello=HelloServlet, /service.Greeting=HelloServlet, /service.time=TimeServlet}}, {name=com.nhn.exam.was.servlet.impl, route={/Hello=HelloServlet, /Greeting=HelloServlet, /time=TimeServlet}}]}
2019-01-27 16:20:53.367 DEBUG 354  --- [ pool-1-thread-2 ] c.nhn.exam.was.utils.MappingConfig - Maping INFO : com.nhn.exam.was.servlet.impl.HelloServlet
